<?xml version="1.0" encoding="UTF-8"?>
<testng-results ignored="0" total="1" passed="1" failed="0" skipped="0">
  <reporter-output>
  </reporter-output>
  <suite started-at="2024-09-19T02:45:35 UTC" name="Web automation Suit" finished-at="2024-09-19T02:45:46 UTC" duration-ms="10252">
    <groups>
    </groups>
    <test started-at="2024-09-19T02:45:35 UTC" name="Logout test" finished-at="2024-09-19T02:45:46 UTC" duration-ms="10252">
      <class name="com.globant.academy.tests.LogoutTest">
        <test-method is-config="true" signature="beforeTest(java.lang.String,java.lang.String)[pri:0, instance:com.globant.academy.tests.LogoutTest@5eeedb60]" started-at="2024-09-19T02:45:35 UTC" name="beforeTest" finished-at="2024-09-19T02:45:44 UTC" duration-ms="8352" status="PASS">
          <params>
            <param index="0">
              <value>
                <![CDATA[chrome]]>
              </value>
            </param>
            <param index="1">
              <value>
                <![CDATA[https://www.saucedemo.com/]]>
              </value>
            </param>
          </params>
          <reporter-output>
          </reporter-output>
        </test-method> <!-- beforeTest -->
        <test-method signature="validateSuccessfulLogout()[pri:0, instance:com.globant.academy.tests.LogoutTest@5eeedb60]" started-at="2024-09-19T02:45:44 UTC" name="validateSuccessfulLogout" finished-at="2024-09-19T02:45:45 UTC" duration-ms="1685" status="PASS">
          <reporter-output>
          </reporter-output>
        </test-method> <!-- validateSuccessfulLogout -->
        <test-method is-config="true" signature="closeBrowser()[pri:0, instance:com.globant.academy.tests.LogoutTest@5eeedb60]" started-at="2024-09-19T02:45:45 UTC" name="closeBrowser" finished-at="2024-09-19T02:45:46 UTC" duration-ms="82" status="PASS">
          <reporter-output>
          </reporter-output>
        </test-method> <!-- closeBrowser -->
      </class> <!-- com.globant.academy.tests.LogoutTest -->
    </test> <!-- Logout test -->
  </suite> <!-- Web automation Suit -->
</testng-results>
